Optogenetics/app/build/intermediates/manifest_merge_blame_file/debug/manifest-merger-blame-debug-report.txt
1<?xml version="1.0" encoding="utf-8"?>
2<manifest xmlns:android="http://schemas.android.com/apk/res/android"
3    package="com.example.optogenetics"
4    android:versionCode="1"
5    android:versionName="1.0" >
6
7    <uses-sdk
8        android:minSdkVersion="15"
9        android:targetSdkVersion="34" />
10
11    <application
11-->src/main/AndroidManifest.xml:4:5-23:19
12        android:allowBackup="true"
12-->src/main/AndroidManifest.xml:5:9-35
13        android:appComponentFactory="androidx.core.app.CoreComponentFactory"
13-->[androidx.core:core:1.0.1] AndroidManifest.xml:22:18-86
14        android:debuggable="true"
15        android:extractNativeLibs="true"
16        android:icon="@mipmap/ic_launcher"
16-->src/main/AndroidManifest.xml:6:9-43
17        android:label="@string/app_name"
17-->src/main/AndroidManifest.xml:7:9-41
18        android:largeHeap="true"
18-->src/main/AndroidManifest.xml:9:9-33
19        android:supportsRtl="true"
19-->src/main/AndroidManifest.xml:8:9-35
20        android:testOnly="true"
21        android:theme="@style/AppTheme" >
21-->src/main/AndroidManifest.xml:10:9-40
22        <activity android:name="com.example.optogenetics.final_activity" />
22-->src/main/AndroidManifest.xml:11:9-52
22-->src/main/AndroidManifest.xml:11:19-49
23        <activity android:name="com.example.optogenetics.third_activity" />
23-->src/main/AndroidManifest.xml:12:9-52
23-->src/main/AndroidManifest.xml:12:19-49
24        <activity android:name="com.example.optogenetics.second_activity" />
24-->src/main/AndroidManifest.xml:13:9-53
24-->src/main/AndroidManifest.xml:13:19-50
25        <activity
25-->src/main/AndroidManifest.xml:14:9-22:20
26            android:name="com.example.optogenetics.MainActivity"
26-->src/main/AndroidManifest.xml:15:13-41
27            android:exported="true" >
27-->src/main/AndroidManifest.xml:16:13-36
28            <intent-filter>
28-->src/main/AndroidManifest.xml:17:13-21:29
29                <action android:name="android.intent.action.MAIN" />
29-->src/main/AndroidManifest.xml:18:17-69
29-->src/main/AndroidManifest.xml:18:25-66
30
31                <category android:name="android.intent.category.LAUNCHER" />
31-->src/main/AndroidManifest.xml:20:17-77
31-->src/main/AndroidManifest.xml:20:27-74
32            </intent-filter>
33        </activity>
34    </application>
35
36</manifest>